  MiniginPCH.cpp
  BaseComponent.cpp
  Font.cpp
  FPSComp.cpp
  GameObject.cpp
  InputManager.cpp
  Main.cpp
  Minigin.cpp
  Renderer.cpp
  ResourceManager.cpp
  Scene.cpp
  SceneManager.cpp
  TextComp.cpp
  Texture2D.cpp
  TextureComp.cpp
  TransformComp.cpp
  Generating code
  Previous IPDB not found, fall back to full compilation.
  All 644 functions were compiled because no usable IPDB/IOBJ from previous compilation was found.
  Finished generating code
  Minigin.vcxproj -> D:\Github\Prog-4-GameEngine\Minigin\x64\Release\Minigin.exe
  D:\Github\Prog-4-GameEngine\Minigin\3rdParty\SDL2\lib\x64\SDL2.dll
  1 File(s) copied
  D:\Github\Prog-4-GameEngine\Minigin\3rdParty\SDL2_image\lib\x64\libjpeg-9.dll
  D:\Github\Prog-4-GameEngine\Minigin\3rdParty\SDL2_image\lib\x64\libpng16-16.dll
  D:\Github\Prog-4-GameEngine\Minigin\3rdParty\SDL2_image\lib\x64\libtiff-5.dll
  D:\Github\Prog-4-GameEngine\Minigin\3rdParty\SDL2_image\lib\x64\libwebp-7.dll
  D:\Github\Prog-4-GameEngine\Minigin\3rdParty\SDL2_image\lib\x64\SDL2_image.dll
  D:\Github\Prog-4-GameEngine\Minigin\3rdParty\SDL2_image\lib\x64\zlib1.dll
  6 File(s) copied
  D:\Github\Prog-4-GameEngine\Minigin\3rdParty\SDL2_ttf\lib\x64\libfreetype-6.dll
  D:\Github\Prog-4-GameEngine\Minigin\3rdParty\SDL2_ttf\lib\x64\SDL2_ttf.dll
  2 File(s) copied
