d:\github\prog-4-gameengine\minigin\minigin\x64\debug\minigin.pch
d:\github\prog-4-gameengine\minigin\minigin\x64\debug\vc143.pdb
d:\github\prog-4-gameengine\minigin\minigin\x64\debug\vc143.idb
d:\github\prog-4-gameengine\minigin\minigin\x64\debug\miniginpch.obj
d:\github\prog-4-gameengine\minigin\minigin\x64\debug\transform.obj
d:\github\prog-4-gameengine\minigin\minigin\x64\debug\texture2d.obj
d:\github\prog-4-gameengine\minigin\minigin\x64\debug\textobject.obj
d:\github\prog-4-gameengine\minigin\minigin\x64\debug\scenemanager.obj
d:\github\prog-4-gameengine\minigin\minigin\x64\debug\scene.obj
d:\github\prog-4-gameengine\minigin\minigin\x64\debug\resourcemanager.obj
d:\github\prog-4-gameengine\minigin\minigin\x64\debug\renderer.obj
d:\github\prog-4-gameengine\minigin\minigin\x64\debug\minigin.obj
d:\github\prog-4-gameengine\minigin\minigin\x64\debug\main.obj
d:\github\prog-4-gameengine\minigin\minigin\x64\debug\inputmanager.obj
d:\github\prog-4-gameengine\minigin\minigin\x64\debug\gameobject.obj
d:\github\prog-4-gameengine\minigin\minigin\x64\debug\font.obj
d:\github\prog-4-gameengine\minigin\minigin\x64\debug\fpscomp.obj
d:\github\prog-4-gameengine\minigin\minigin\x64\debug\basecomponent.obj
d:\github\prog-4-gameengine\minigin\minigin\x64\debug\fps.obj
d:\github\prog-4-gameengine\minigin\x64\debug\minigin.exe
d:\github\prog-4-gameengine\minigin\minigin\x64\debug\minigin.ilk
d:\github\prog-4-gameengine\minigin\x64\debug\minigin.pdb
d:\github\prog-4-gameengine\minigin\minigin\x64\debug\fontcomp.obj
d:\github\prog-4-gameengine\minigin\minigin\x64\debug\minigin.tlog\cl.command.1.tlog
d:\github\prog-4-gameengine\minigin\minigin\x64\debug\minigin.tlog\cl.read.1.tlog
d:\github\prog-4-gameengine\minigin\minigin\x64\debug\minigin.tlog\cl.write.1.tlog
d:\github\prog-4-gameengine\minigin\minigin\x64\debug\minigin.tlog\link.command.1.tlog
d:\github\prog-4-gameengine\minigin\minigin\x64\debug\minigin.tlog\link.read.1.tlog
d:\github\prog-4-gameengine\minigin\minigin\x64\debug\minigin.tlog\link.write.1.tlog
